<?xml version="1.0" encoding="UTF-8"?>
<!-- Generated by org.testng.reporters.JUnitXMLReporter -->
<testsuite ignored="0" hostname="Manoj" failures="0" tests="3" name="Default test" time="0.064" errors="0" timestamp="2024-05-02T14:55:03 IST">
  <testcase classname="com.sgtesting.conditions.DependsOnTesting" name="createUser" time="0.009"/>
  <testcase classname="com.sgtesting.conditions.DependsOnTesting" name="modifyUser" time="0.001"/>
  <testcase classname="com.sgtesting.conditions.DependsOnTesting" name="deletUser" time="0.001"/>
</testsuite> <!-- Default test -->
