<?xml version="1.0" encoding="UTF-8"?>
<!-- Generated by org.testng.reporters.JUnitXMLReporter -->
<testsuite ignored="2" hostname="Manoj" failures="0" tests="1" name="Default test" time="0.049" errors="0" timestamp="2024-04-30T12:43:05 IST">
  <testcase classname="com.sgtesting.users.Users" name="createUser" time="0.01"/>
  <testcase classname="com.sgtesting.users.Users" name="modifyUser" time="0.0">
    <ignored/>
  </testcase> <!-- modifyUser -->
  <testcase classname="com.sgtesting.users.Users" name="deletUser" time="0.0">
    <ignored/>
  </testcase> <!-- deletUser -->
</testsuite> <!-- Default test -->
