<?xml version="1.0" encoding="UTF-8"?>
<!-- Generated by org.testng.reporters.JUnitXMLReporter -->
<testsuite ignored="0" hostname="Manoj" failures="0" tests="5" name="Unit Testcases" time="0.069" errors="0" timestamp="2024-05-03T12:24:53 IST">
  <testcase classname="com.sgtesting.tests.testcases.UnitTestcases" name="method1" time="0.014"/>
  <testcase classname="com.sgtesting.tests.testcases.UnitTestcases" name="method2" time="0.001"/>
  <testcase classname="com.sgtesting.tests.testcases.UnitTestcases" name="method3" time="0.0"/>
  <testcase classname="com.sgtesting.tests.testcases.UnitTestcases" name="method4" time="0.001"/>
  <testcase classname="com.sgtesting.tests.testcases.UnitTestcases" name="method5" time="0.002"/>
</testsuite> <!-- Unit Testcases -->
