<?xml version="1.0" encoding="UTF-8"?>
<testng-results ignored="0" total="6" passed="6" failed="0" skipped="0">
  <reporter-output>
  </reporter-output>
  <suite started-at="2024-05-01T07:34:46 IST" name="Testcases" finished-at="2024-05-01T07:34:46 IST" duration-ms="67">
    <groups>
    </groups>
    <test started-at="2024-05-01T07:34:46 IST" name="Users and Products" finished-at="2024-05-01T07:34:46 IST" duration-ms="67">
      <class name="com.sgtesting.products.Products">
        <test-method signature="createProduct()[pri:0, instance:com.sgtesting.products.Products@57c758ac]" started-at="2024-05-01T07:34:46 IST" name="createProduct" finished-at="2024-05-01T07:34:46 IST" duration-ms="1" status="PASS">
          <reporter-output>
          </reporter-output>
        </test-method> <!-- createProduct -->
        <test-method is-config="true" signature="setUp()[pri:0, instance:com.sgtesting.products.Products@57c758ac]" started-at="2024-05-01T07:34:46 IST" name="setUp" finished-at="2024-05-01T07:34:46 IST" duration-ms="0" status="PASS">
          <reporter-output>
          </reporter-output>
        </test-method> <!-- setUp -->
        <test-method signature="deletProduct()[pri:0, instance:com.sgtesting.products.Products@57c758ac]" started-at="2024-05-01T07:34:46 IST" name="deletProduct" finished-at="2024-05-01T07:34:46 IST" duration-ms="3" status="PASS">
          <reporter-output>
          </reporter-output>
        </test-method> <!-- deletProduct -->
        <test-method signature="modifyProduct()[pri:0, instance:com.sgtesting.products.Products@57c758ac]" started-at="2024-05-01T07:34:46 IST" name="modifyProduct" finished-at="2024-05-01T07:34:46 IST" duration-ms="1" status="PASS">
          <reporter-output>
          </reporter-output>
        </test-method> <!-- modifyProduct -->
        <test-method is-config="true" signature="tearDown()[pri:0, instance:com.sgtesting.products.Products@57c758ac]" started-at="2024-05-01T07:34:46 IST" name="tearDown" finished-at="2024-05-01T07:34:46 IST" duration-ms="1" status="PASS">
          <reporter-output>
          </reporter-output>
        </test-method> <!-- tearDown -->
      </class> <!-- com.sgtesting.products.Products -->
      <class name="com.sgtesting.users.Users">
        <test-method is-config="true" signature="setUp()[pri:0, instance:com.sgtesting.users.Users@6e4784bc]" started-at="2024-05-01T07:34:46 IST" name="setUp" finished-at="2024-05-01T07:34:46 IST" duration-ms="7" status="PASS">
          <reporter-output>
          </reporter-output>
        </test-method> <!-- setUp -->
        <test-method signature="createUser()[pri:0, instance:com.sgtesting.users.Users@6e4784bc]" started-at="2024-05-01T07:34:46 IST" name="createUser" finished-at="2024-05-01T07:34:46 IST" duration-ms="8" status="PASS">
          <reporter-output>
          </reporter-output>
        </test-method> <!-- createUser -->
        <test-method signature="deletUser()[pri:0, instance:com.sgtesting.users.Users@6e4784bc]" started-at="2024-05-01T07:34:46 IST" name="deletUser" finished-at="2024-05-01T07:34:46 IST" duration-ms="2" status="PASS">
          <reporter-output>
          </reporter-output>
        </test-method> <!-- deletUser -->
        <test-method signature="modifyUser()[pri:0, instance:com.sgtesting.users.Users@6e4784bc]" started-at="2024-05-01T07:34:46 IST" name="modifyUser" finished-at="2024-05-01T07:34:46 IST" duration-ms="1" status="PASS">
          <reporter-output>
          </reporter-output>
        </test-method> <!-- modifyUser -->
        <test-method is-config="true" signature="tearDown()[pri:0, instance:com.sgtesting.users.Users@6e4784bc]" started-at="2024-05-01T07:34:46 IST" name="tearDown" finished-at="2024-05-01T07:34:46 IST" duration-ms="1" status="PASS">
          <reporter-output>
          </reporter-output>
        </test-method> <!-- tearDown -->
      </class> <!-- com.sgtesting.users.Users -->
    </test> <!-- Users and Products -->
  </suite> <!-- Testcases -->
</testng-results>
