<?xml version="1.0" encoding="UTF-8"?>
<testng-results ignored="0" total="3" passed="3" failed="0" skipped="0">
  <reporter-output>
  </reporter-output>
  <suite started-at="2024-05-02T14:55:03 IST" name="Default suite" finished-at="2024-05-02T14:55:03 IST" duration-ms="64">
    <groups>
    </groups>
    <test started-at="2024-05-02T14:55:03 IST" name="Default test" finished-at="2024-05-02T14:55:03 IST" duration-ms="64">
      <class name="com.sgtesting.conditions.DependsOnTesting">
        <test-method is-config="true" signature="setUp()[pri:0, instance:com.sgtesting.conditions.DependsOnTesting@9353778]" started-at="2024-05-02T14:55:03 IST" name="setUp" finished-at="2024-05-02T14:55:03 IST" duration-ms="9" status="PASS">
          <reporter-output>
          </reporter-output>
        </test-method> <!-- setUp -->
        <test-method signature="createUser()[pri:0, instance:com.sgtesting.conditions.DependsOnTesting@9353778]" started-at="2024-05-02T14:55:03 IST" name="createUser" finished-at="2024-05-02T14:55:03 IST" duration-ms="9" status="PASS">
          <reporter-output>
          </reporter-output>
        </test-method> <!-- createUser -->
        <test-method signature="modifyUser()[pri:0, instance:com.sgtesting.conditions.DependsOnTesting@9353778]" started-at="2024-05-02T14:55:03 IST" name="modifyUser" finished-at="2024-05-02T14:55:03 IST" depends-on-methods="com.sgtesting.conditions.DependsOnTesting.createUser" duration-ms="1" status="PASS">
          <reporter-output>
          </reporter-output>
        </test-method> <!-- modifyUser -->
        <test-method signature="deletUser()[pri:0, instance:com.sgtesting.conditions.DependsOnTesting@9353778]" started-at="2024-05-02T14:55:03 IST" name="deletUser" finished-at="2024-05-02T14:55:03 IST" depends-on-methods="com.sgtesting.conditions.DependsOnTesting.modifyUser" duration-ms="1" status="PASS">
          <reporter-output>
          </reporter-output>
        </test-method> <!-- deletUser -->
        <test-method is-config="true" signature="tearDown()[pri:0, instance:com.sgtesting.conditions.DependsOnTesting@9353778]" started-at="2024-05-02T14:55:03 IST" name="tearDown" finished-at="2024-05-02T14:55:03 IST" duration-ms="1" status="PASS">
          <reporter-output>
          </reporter-output>
        </test-method> <!-- tearDown -->
      </class> <!-- com.sgtesting.conditions.DependsOnTesting -->
    </test> <!-- Default test -->
  </suite> <!-- Default suite -->
</testng-results>
