<?xml version="1.0" encoding="UTF-8"?>
<testng-results ignored="0" total="5" passed="5" failed="0" skipped="0">
  <reporter-output>
  </reporter-output>
  <suite started-at="2024-05-03T12:24:53 IST" name="testcases" finished-at="2024-05-03T12:24:53 IST" duration-ms="69">
    <groups>
    </groups>
    <test started-at="2024-05-03T12:24:53 IST" name="Unit Testcases" finished-at="2024-05-03T12:24:53 IST" duration-ms="69">
      <class name="com.sgtesting.tests.testcases.UnitTestcases">
        <test-method signature="method1()[pri:0, instance:com.sgtesting.tests.testcases.UnitTestcases@7880cdf3]" started-at="2024-05-03T12:24:53 IST" name="method1" finished-at="2024-05-03T12:24:53 IST" duration-ms="14" status="PASS">
          <reporter-output>
          </reporter-output>
        </test-method> <!-- method1 -->
        <test-method signature="method2()[pri:0, instance:com.sgtesting.tests.testcases.UnitTestcases@7880cdf3]" started-at="2024-05-03T12:24:53 IST" name="method2" finished-at="2024-05-03T12:24:53 IST" duration-ms="1" status="PASS">
          <reporter-output>
          </reporter-output>
        </test-method> <!-- method2 -->
        <test-method signature="method3()[pri:0, instance:com.sgtesting.tests.testcases.UnitTestcases@7880cdf3]" started-at="2024-05-03T12:24:53 IST" name="method3" finished-at="2024-05-03T12:24:53 IST" duration-ms="0" status="PASS">
          <reporter-output>
          </reporter-output>
        </test-method> <!-- method3 -->
        <test-method signature="method4()[pri:0, instance:com.sgtesting.tests.testcases.UnitTestcases@7880cdf3]" started-at="2024-05-03T12:24:53 IST" name="method4" finished-at="2024-05-03T12:24:53 IST" duration-ms="1" status="PASS">
          <reporter-output>
          </reporter-output>
        </test-method> <!-- method4 -->
        <test-method signature="method5()[pri:0, instance:com.sgtesting.tests.testcases.UnitTestcases@7880cdf3]" started-at="2024-05-03T12:24:53 IST" name="method5" finished-at="2024-05-03T12:24:53 IST" duration-ms="2" status="PASS">
          <reporter-output>
          </reporter-output>
        </test-method> <!-- method5 -->
      </class> <!-- com.sgtesting.tests.testcases.UnitTestcases -->
    </test> <!-- Unit Testcases -->
  </suite> <!-- testcases -->
</testng-results>
